0 info it worked if it ends with ok
1 verbose cli [ '/Users/agedney/.nvm/versions/node/v6.12.2/bin/node',
1 verbose cli   '/Users/agedney/.nvm/versions/node/v6.12.2/bin/npm',
1 verbose cli   'start' ]
2 info using npm@3.10.10
3 info using node@v6.12.2
4 verbose run-script [ 'prestart', 'start', 'poststart' ]
5 info lifecycle event-register@0.0.1~prestart: event-register@0.0.1
6 silly lifecycle event-register@0.0.1~prestart: no script for prestart, continuing
7 info lifecycle event-register@0.0.1~start: event-register@0.0.1
8 verbose lifecycle event-register@0.0.1~start: unsafe-perm in lifecycle true
9 verbose lifecycle event-register@0.0.1~start: PATH: /Users/agedney/.nvm/versions/node/v6.12.2/lib/node_modules/npm/bin/node-gyp-bin:/Users/agedney/Sites/_npm/@olympusat/event-register/node_modules/.bin:/Users/agedney/.nvm/versions/node/v6.12.2/bin:/Users/agedney/npm/bin:/usr/local/bin:/usr/bin:/bin:/usr/sbin:/sbin:/usr/local/bin:/Users/agedney/npm/bin
10 verbose lifecycle event-register@0.0.1~start: CWD: /Users/agedney/Sites/_npm/@olympusat/event-register
11 silly lifecycle event-register@0.0.1~start: Args: [ '-c', 'gulp watch' ]
12 silly lifecycle event-register@0.0.1~start: Returned: code: 1  signal: null
13 info lifecycle event-register@0.0.1~start: Failed to exec start script
14 verbose stack Error: event-register@0.0.1 start: `gulp watch`
14 verbose stack Exit status 1
14 verbose stack     at EventEmitter.<anonymous> (/Users/agedney/.nvm/versions/node/v6.12.2/lib/node_modules/npm/lib/utils/lifecycle.js:255:16)
14 verbose stack     at emitTwo (events.js:106:13)
14 verbose stack     at EventEmitter.emit (events.js:191:7)
14 verbose stack     at ChildProcess.<anonymous> (/Users/agedney/.nvm/versions/node/v6.12.2/lib/node_modules/npm/lib/utils/spawn.js:40:14)
14 verbose stack     at emitTwo (events.js:106:13)
14 verbose stack     at ChildProcess.emit (events.js:191:7)
14 verbose stack     at maybeClose (internal/child_process.js:920:16)
14 verbose stack     at Process.ChildProcess._handle.onexit (internal/child_process.js:230:5)
15 verbose pkgid event-register@0.0.1
16 verbose cwd /Users/agedney/Sites/_npm/@olympusat/event-register
17 error Darwin 15.6.0
18 error argv "/Users/agedney/.nvm/versions/node/v6.12.2/bin/node" "/Users/agedney/.nvm/versions/node/v6.12.2/bin/npm" "start"
19 error node v6.12.2
20 error npm  v3.10.10
21 error code ELIFECYCLE
22 error event-register@0.0.1 start: `gulp watch`
22 error Exit status 1
23 error Failed at the event-register@0.0.1 start script 'gulp watch'.
23 error Make sure you have the latest version of node.js and npm installed.
23 error If you do, this is most likely a problem with the event-register package,
23 error not with npm itself.
23 error Tell the author that this fails on your system:
23 error     gulp watch
23 error You can get information on how to open an issue for this project with:
23 error     npm bugs event-register
23 error Or if that isn't available, you can get their info via:
23 error     npm owner ls event-register
23 error There is likely additional logging output above.
24 verbose exit [ 1, true ]
